<?xml version="1.0" encoding="UTF-8"?>
<testng-results skipped="0" failed="1" ignored="1" total="2" passed="0">
  <reporter-output>
  </reporter-output>
  <suite name="Default suite" duration-ms="54661" started-at="2018-09-07T09:23:53Z" finished-at="2018-09-07T09:24:48Z">
    <groups>
    </groups>
    <test name="Default test" duration-ms="54661" started-at="2018-09-07T09:23:53Z" finished-at="2018-09-07T09:24:48Z">
      <class name="appium.Fulltest">
        <test-method status="PASS" signature="LaunchingApp()[pri:0, instance:appium.Fulltest@77846d2c]" name="LaunchingApp" is-config="true" duration-ms="39248" started-at="2018-09-07T14:53:53Z" finished-at="2018-09-07T14:54:32Z">
          <reporter-output>
          </reporter-output>
        </test-method> <!-- LaunchingApp -->
        <test-method status="FAIL" signature="loginskip()[pri:0, instance:appium.Fulltest@77846d2c]" name="loginskip" duration-ms="2701" started-at="2018-09-07T14:54:32Z" finished-at="2018-09-07T14:54:35Z">
          <exception class="org.openqa.selenium.NoSuchElementException">
            <message>
              <![CDATA[An element could not be located on the page using the given search parameters. (WARNING: The server did not provide any stacktrace information)Command duration or timeout: 0 millisecondsFor documentation on this error, please visit: http://seleniumhq.org/exceptions/no_such_element.htmlBuild info: version: '3.5.3', revision: 'a88d25fe6b', time: '2017-08-29T12:42:44.417Z'System info: host: 'HMECL001062', ip: '10.16.93.29', os.name: 'Windows 8.1', os.arch: 'amd64', os.version: '6.3', java.version: '1.8.0_171'Driver info: io.appium.java_client.android.AndroidDriverCapabilities [{appPackage=com.espn.score_center.debug, app=E:\Downloads\sportscenter-debug-6.3.0-Local-7049-debug.apk, deviceScreenSize=1440x2560, networkConnectionEnabled=true, warnings={}, databaseEnabled=false, deviceName=02157df2bdc1bd17, platform=LINUX, deviceUDID=02157df2bdc1bd17, appActivity=com.espn.sportscenter.ui.LaunchActivity, desired={appPackage=com.espn.score_center.debug, appActivity=com.espn.sportscenter.ui.LaunchActivity, app=E:\Downloads\sportscenter-debug-6.3.0-Local-7049-debug.apk, platformVersion=7.0, platformName=Android, Reset=true, deviceName=Samsung}, platformVersion=7.0, webStorageEnabled=false, locationContextEnabled=false, takesScreenshot=true, javascriptEnabled=true, deviceModel=SM-G920I, Reset=true, deviceManufacturer=samsung, platformName=LINUX}]Session ID: 6c0cf26c-a2aa-4b15-afaf-f55177753378*** Element info: {Using=id, value=com.espn.score_center.debug:id/btn_sign_up_later}]]>
            </message>
            <full-stacktrace>
              <![CDATA[org.openqa.selenium.NoSuchElementException: An element could not be located on the page using the given search parameters. (WARNING: The server did not provide any stacktrace information)Command duration or timeout: 0 millisecondsFor documentation on this error, please visit: http://seleniumhq.org/exceptions/no_such_element.htmlBuild info: version: '3.5.3', revision: 'a88d25fe6b', time: '2017-08-29T12:42:44.417Z'System info: host: 'HMECL001062', ip: '10.16.93.29', os.name: 'Windows 8.1', os.arch: 'amd64', os.version: '6.3', java.version: '1.8.0_171'Driver info: io.appium.java_client.android.AndroidDriverCapabilities [{appPackage=com.espn.score_center.debug, app=E:\Downloads\sportscenter-debug-6.3.0-Local-7049-debug.apk, deviceScreenSize=1440x2560, networkConnectionEnabled=true, warnings={}, databaseEnabled=false, deviceName=02157df2bdc1bd17, platform=LINUX, deviceUDID=02157df2bdc1bd17, appActivity=com.espn.sportscenter.ui.LaunchActivity, desired={appPackage=com.espn.score_center.debug, appActivity=com.espn.sportscenter.ui.LaunchActivity, app=E:\Downloads\sportscenter-debug-6.3.0-Local-7049-debug.apk, platformVersion=7.0, platformName=Android, Reset=true, deviceName=Samsung}, platformVersion=7.0, webStorageEnabled=false, locationContextEnabled=false, takesScreenshot=true, javascriptEnabled=true, deviceModel=SM-G920I, Reset=true, deviceManufacturer=samsung, platformName=LINUX}]Session ID: 6c0cf26c-a2aa-4b15-afaf-f55177753378*** Element info: {Using=id, value=com.espn.score_center.debug:id/btn_sign_up_later}at sun.reflect.NativeConstructorAccessorImpl.newInstance0(Native Method)at sun.reflect.NativeConstructorAccessorImpl.newInstance(NativeConstructorAccessorImpl.java:62)at sun.reflect.DelegatingConstructorAccessorImpl.newInstance(DelegatingConstructorAccessorImpl.java:45)at java.lang.reflect.Constructor.newInstance(Constructor.java:423)at org.openqa.selenium.remote.ErrorHandler.createThrowable(ErrorHandler.java:215)at org.openqa.selenium.remote.ErrorHandler.throwIfResponseFailed(ErrorHandler.java:167)at org.openqa.selenium.remote.http.JsonHttpResponseCodec.reconstructValue(JsonHttpResponseCodec.java:40)at org.openqa.selenium.remote.http.AbstractHttpResponseCodec.decode(AbstractHttpResponseCodec.java:82)at org.openqa.selenium.remote.http.AbstractHttpResponseCodec.decode(AbstractHttpResponseCodec.java:45)at org.openqa.selenium.remote.HttpCommandExecutor.execute(HttpCommandExecutor.java:164)at io.appium.java_client.remote.AppiumCommandExecutor.execute(AppiumCommandExecutor.java:89)at org.openqa.selenium.remote.RemoteWebDriver.execute(RemoteWebDriver.java:646)at io.appium.java_client.DefaultGenericMobileDriver.execute(DefaultGenericMobileDriver.java:42)at io.appium.java_client.AppiumDriver.execute(AppiumDriver.java:1)at io.appium.java_client.android.AndroidDriver.execute(AndroidDriver.java:1)at org.openqa.selenium.remote.RemoteWebDriver.findElement(RemoteWebDriver.java:416)at io.appium.java_client.DefaultGenericMobileDriver.findElement(DefaultGenericMobileDriver.java:62)at io.appium.java_client.AppiumDriver.findElement(AppiumDriver.java:1)at io.appium.java_client.android.AndroidDriver.findElement(AndroidDriver.java:1)at org.openqa.selenium.remote.RemoteWebDriver.findElementById(RemoteWebDriver.java:462)at io.appium.java_client.DefaultGenericMobileDriver.findElementById(DefaultGenericMobileDriver.java:70)at io.appium.java_client.AppiumDriver.findElementById(AppiumDriver.java:1)at io.appium.java_client.android.AndroidDriver.findElementById(AndroidDriver.java:1)at org.openqa.selenium.By$ById.findElement(By.java:218)at org.openqa.selenium.remote.RemoteWebDriver.findElement(RemoteWebDriver.java:408)at io.appium.java_client.DefaultGenericMobileDriver.findElement(DefaultGenericMobileDriver.java:58)at io.appium.java_client.AppiumDriver.findElement(AppiumDriver.java:1)at io.appium.java_client.android.AndroidDriver.findElement(AndroidDriver.java:1)at appium.Fulltest.loginskip(Fulltest.java:54)at sun.reflect.NativeMethodAccessorImpl.invoke0(Native Method)at sun.reflect.NativeMethodAccessorImpl.invoke(NativeMethodAccessorImpl.java:62)at sun.reflect.DelegatingMethodAccessorImpl.invoke(DelegatingMethodAccessorImpl.java:43)at java.lang.reflect.Method.invoke(Method.java:498)at org.testng.internal.MethodInvocationHelper.invokeMethod(MethodInvocationHelper.java:124)at org.testng.internal.Invoker.invokeMethod(Invoker.java:571)at org.testng.internal.Invoker.invokeTestMethod(Invoker.java:707)at org.testng.internal.Invoker.invokeTestMethods(Invoker.java:979)at org.testng.internal.TestMethodWorker.invokeTestMethods(TestMethodWorker.java:125)at org.testng.internal.TestMethodWorker.run(TestMethodWorker.java:109)at org.testng.TestRunner.privateRun(TestRunner.java:648)at org.testng.TestRunner.run(TestRunner.java:505)at org.testng.SuiteRunner.runTest(SuiteRunner.java:455)at org.testng.SuiteRunner.runSequentially(SuiteRunner.java:450)at org.testng.SuiteRunner.privateRun(SuiteRunner.java:415)at org.testng.SuiteRunner.run(SuiteRunner.java:364)at org.testng.SuiteRunnerWorker.runSuite(SuiteRunnerWorker.java:52)at org.testng.SuiteRunnerWorker.run(SuiteRunnerWorker.java:84)at org.testng.TestNG.runSuitesSequentially(TestNG.java:1187)at org.testng.TestNG.runSuitesLocally(TestNG.java:1116)at org.testng.TestNG.runSuites(TestNG.java:1028)at org.testng.TestNG.run(TestNG.java:996)at org.testng.remote.AbstractRemoteTestNG.run(AbstractRemoteTestNG.java:114)at org.testng.remote.RemoteTestNG.initAndRun(RemoteTestNG.java:251)at org.testng.remote.RemoteTestNG.main(RemoteTestNG.java:77)]]>
            </full-stacktrace>
          </exception> <!-- org.openqa.selenium.NoSuchElementException -->
          <reporter-output>
          </reporter-output>
        </test-method> <!-- loginskip -->
        <test-method status="PASS" signature="closeApp()[pri:0, instance:appium.Fulltest@77846d2c]" name="closeApp" is-config="true" duration-ms="12610" started-at="2018-09-07T14:54:35Z" finished-at="2018-09-07T14:54:48Z">
          <reporter-output>
          </reporter-output>
        </test-method> <!-- closeApp -->
      </class> <!-- appium.Fulltest -->
    </test> <!-- Default test -->
  </suite> <!-- Default suite -->
</testng-results>
